


ARM Macro Assembler    Page 1 


    1 00000000         ; PROGRAM TO CONCATENATE TWO STRING FROM MEMORY    
    2 00000000         ; PRASENJIT DAS
    3 00000000         ; 2013HT13592
    4 00000000                 AREA             RESET, CODE, READONLY
    5 00000000                 ENTRY
    6 00000000         START
    7 00000000         ; ASSIGN MEMORY ADDRESS TO REGISTER
    8 00000000 E28F3040        ADR              R3,STRING1
    9 00000004 E28F4042        ADR              R4,STRING2
   10 00000008 E59F5044        LDR              R5,=OUTPUT
   11 0000000C EB000000        BL               SUB1
   12 00000010 EAFFFFFE 
                       STOP    B                STOP
   13 00000014         ; LOOP TO FETCH FIRST STRING
   14 00000014         SUB1
   15 00000014         ; MOVE ONE BYTE FROM MEMORY TO REGISTER
   16 00000014 E4D30001        LDRB             R0,[R3],#1
   17 00000018 E3500000        CMP              R0,#0
   18 0000001C         ; BRANCH TO NEXT STRING WHEN 0x00 IS FOUND
   19 0000001C 0A000001        BEQ              SUB2
   20 00000020         ; ELSE STORE THE CONTENTS OF REGISTER IN THE OUTPUT AREA
                        
   21 00000020 E4C50001        STRB             R0,[R5],#1
   22 00000024 EAFFFFFA        B                SUB1
   23 00000028         ; LOOP TO FETCH SECOND STRING
   24 00000028         SUB2
   25 00000028         ; MOVE ONE BYTE FROM MEMORY TO REGISTER
   26 00000028 E4D40001        LDRB             R0,[R4],#1
   27 0000002C E3500000        CMP              R0,#0
   28 00000030         ; EXIT WHEN 0x00 IS FOUND 
   29 00000030 0A000001        BEQ              AFT
   30 00000034         ; ELSE STORE THE CONTENTS OF REGISTER IN THE OUTPUT AREA
                        
   31 00000034 E4C50001        STRB             R0,[r5],#1
   32 00000038 EAFFFFFA        B                SUB2
   33 0000003C         AFT
   34 0000003C E3A01000        MOV              R1, #0
   35 00000040 E4C51001        STRB             R1,[r5],#1
   36 00000044 E1A0F00E        MOV              PC,LR
   37 00000048 48 45 4C 
              4C 4F 00 STRING1 DCB              "HELLO",0
   38 0000004E 57 4F 52 
              4C 44 00 STRING2 DCB              "WORLD",0
   39 00000054 00000000        AREA             RES,DATA,READWRITE
   40 00000000         OUTPUT  DCB              ""
   41 00000000                 END
Command Line: --debug --xref --apcs=interwork --depend=.\2013ht13592.d -o.\2013
ht13592.o -IC:\Keil_v5\ARM\RV31\INC -IC:\Keil_v5\ARM\CMSIS\Include -IC:\Keil_v5
\ARM\Inc\Philips --predefine="__EVAL SETA 1" --list=.\2013ht13592.lst 2013HT135
92.s



ARM Macro Assembler    Page 1 Alphabetic symbol ordering
Relocatable symbols

AFT 0000003C

Symbol: AFT
   Definitions
      At line 33 in file 2013HT13592.s
   Uses
      At line 29 in file 2013HT13592.s
Comment: AFT used once
RESET 00000000

Symbol: RESET
   Definitions
      At line 4 in file 2013HT13592.s
   Uses
      None
Comment: RESET unused
START 00000000

Symbol: START
   Definitions
      At line 6 in file 2013HT13592.s
   Uses
      None
Comment: START unused
STOP 00000010

Symbol: STOP
   Definitions
      At line 12 in file 2013HT13592.s
   Uses
      At line 12 in file 2013HT13592.s
Comment: STOP used once
STRING1 00000048

Symbol: STRING1
   Definitions
      At line 37 in file 2013HT13592.s
   Uses
      At line 8 in file 2013HT13592.s
Comment: STRING1 used once
STRING2 0000004E

Symbol: STRING2
   Definitions
      At line 38 in file 2013HT13592.s
   Uses
      At line 9 in file 2013HT13592.s
Comment: STRING2 used once
SUB1 00000014

Symbol: SUB1
   Definitions
      At line 14 in file 2013HT13592.s
   Uses
      At line 11 in file 2013HT13592.s
      At line 22 in file 2013HT13592.s

SUB2 00000028




ARM Macro Assembler    Page 2 Alphabetic symbol ordering
Relocatable symbols

Symbol: SUB2
   Definitions
      At line 24 in file 2013HT13592.s
   Uses
      At line 19 in file 2013HT13592.s
      At line 32 in file 2013HT13592.s

8 symbols



ARM Macro Assembler    Page 1 Alphabetic symbol ordering
Relocatable symbols

OUTPUT 00000000

Symbol: OUTPUT
   Definitions
      At line 40 in file 2013HT13592.s
   Uses
      At line 10 in file 2013HT13592.s
Comment: OUTPUT used once
RES 00000000

Symbol: RES
   Definitions
      At line 39 in file 2013HT13592.s
   Uses
      None
Comment: RES unused
2 symbols
343 symbols in table
