


ARM Macro Assembler    Page 1 


    1 00000000         ; PROGRAM TO MERGE TWO STRING FROM MEMORY    
    2 00000000         ; PRASENJIT DAS
    3 00000000         ; 2013HT13592
    4 00000000                 AREA             RESET, CODE, READONLY
    5 00000000                 ENTRY
    6 00000000         START
    7 00000000         ; ASSIGN MEMORY ADDRESS TO REGISTER
    8 00000000 E28F30A8        ADR              R3,STRING1
    9 00000004 E28F40AA        ADR              R4,STRING2
   10 00000008 E59F50AC        LDR              R5,=OUTPUT
   11 0000000C EB000000        BL               SUB1
   12 00000010 EAFFFFFE 
                       STOP    B                STOP
   13 00000014         ; LOOP TO FETCH FIRST STRING
   14 00000014         SUB1
   15 00000014         ; MOVE ONE BYTE FROM INPUT MEMORY AREA TO REGISTER
   16 00000014 E4D30001        LDRB             R0,[R3],#1
   17 00000018 E3500000        CMP              R0,#0
   18 0000001C         ; BRANCH TO NEXT STRING WHEN 0x00 IS FOUND 
   19 0000001C 0A000014        BEQ              SUB2
   20 00000020         ; ELSE COMPARE THE CONTENTS OF INPUT REGISTER WITH THE O
                       UTPUT AREA
   21 00000020 E5551001        LDRB             R1,[R5,#-1]
   22 00000024 E1500001        CMP              R0,R1
   23 00000028         ; SAVE THE ADDRESS OF THE OUTPUT AREA
   24 00000028 E1A02005        MOV              R2,R5
   25 0000002C E3A06000        MOV              R6,#0
   26 00000030         ; JUMP TO MERGE ROUTINE
   27 00000030 E1A0700E        MOV              R7,LR
   28 00000034 BB000004        BLLT             MERGE
   29 00000038 E1A0E007        MOV              LR,R7
   30 0000003C E3560000        CMP              R6,#0
   31 00000040 1AFFFFF3        BNE              SUB1
   32 00000044         ; ELSE STORE THE CONTENTS OF REGISTER IN THE OUTPUT AREA
                       
   33 00000044 E4C50001        STRB             R0,[R5],#1
   34 00000048 EAFFFFF1        B                SUB1
   35 0000004C         MERGE
   36 0000004C         ; SET FLAG FOR CALL
   37 0000004C E3A06001        MOV              R6,#1
   38 00000050         ; SHIFT THE BYTE FETCHED FROM MEMORY UP BY ONE BYTE
   39 00000050 E5C51000        STRB             R1,[R5]
   40 00000054         ; LOAD THE NEXT LOWER BYTE TO REGISTER 
   41 00000054 E5751002        LDRB             R1,[R5,#-2]!
   42 00000058 E2855001        ADD              R5,#1
   43 0000005C         ; COMPARE WITH THE INPUT BYTE 
   44 0000005C E1500001        CMP              R0,R1
   45 00000060         ; CONTINUE SHIFTING IF INPUT BYTE IS LESS THAN OUTPUT BY
                       TE 
   46 00000060 BAFFFFF9        BLT              MERGE
   47 00000064         ; MOVE THE INPUT BYTE TO THE CORRECT POSITION IN THE OUT
                       PUT AREA 
   48 00000064 E5C50000        STRB             R0, [R5]
   49 00000068         ; RESTORE THE OUTPUT AREA ADDRESS TO THE FREE SLOT
   50 00000068 E2822001        ADD              R2,#1
   51 0000006C E1A05002        MOV              R5,R2
   52 00000070         ; RETURN TO CALLING PROGRAM
   53 00000070 E1A0F00E        MOV              PC,R14
   54 00000074         ; LOOP TO FETCH SECOND STRING



ARM Macro Assembler    Page 2 


   55 00000074         SUB2
   56 00000074         ; MOVE ONE BYTE FROM MEMORY TO REGISTER
   57 00000074 E4D40001        LDRB             R0,[R4],#1
   58 00000078 E3500000        CMP              R0,#0
   59 0000007C         ; EXIT WHEN 0x00 IS FOUND 
   60 0000007C 0A00000A        BEQ              AFT
   61 00000080         ; ELSE COMPARE THE CONTENTS OF INPUT REGISTER WITH THE O
                       UTPUT AREA
   62 00000080 E5551001        LDRB             R1,[R5,#-1]
   63 00000084 E1500001        CMP              R0,R1
   64 00000088         ; SAVE THE ADDRESS OF THE OUTPUT AREA
   65 00000088 E1A02005        MOV              R2,R5
   66 0000008C E3A06000        MOV              R6,#0
   67 00000090         ; JUMP TO MERGE ROUTINE 
   68 00000090 E1A0700E        MOV              R7,LR
   69 00000094 BBFFFFEC        BLLT             MERGE
   70 00000098 E1A0E007        MOV              LR,R7
   71 0000009C E3560000        CMP              R6,#0
   72 000000A0 1AFFFFF3        BNE              SUB2
   73 000000A4         ; ELSE STORE THE CONTENTS OF REGISTER IN THE OUTPUT AREA
                        
   74 000000A4 E4C50001        STRB             R0,[R5],#1
   75 000000A8 EAFFFFF1        B                SUB2
   76 000000AC E1A0F00E 
                       AFT     MOV              PC,LR
   77 000000B0 48 45 4C 
              4C 4F 00 STRING1 DCB              "HELLO",0
   78 000000B6 57 4F 52 
              4C 44 00 STRING2 DCB              "WORLD",0
   79 000000BC 00000000        AREA             RES,DATA,READWRITE
   80 00000000         OUTPUT  DCB              ""
   81 00000000                 END
Command Line: --debug --xref --apcs=interwork --depend=.\2013ht13592merge.d -o.
\2013ht13592merge.o -IC:\Keil_v5\ARM\RV31\INC -IC:\Keil_v5\ARM\CMSIS\Include -I
C:\Keil_v5\ARM\Inc\Philips --predefine="__EVAL SETA 1" --list=.\2013ht13592merg
e.lst 2013HT13592Merge.s



ARM Macro Assembler    Page 1 Alphabetic symbol ordering
Relocatable symbols

AFT 000000AC

Symbol: AFT
   Definitions
      At line 76 in file 2013HT13592Merge.s
   Uses
      At line 60 in file 2013HT13592Merge.s
Comment: AFT used once
MERGE 0000004C

Symbol: MERGE
   Definitions
      At line 35 in file 2013HT13592Merge.s
   Uses
      At line 28 in file 2013HT13592Merge.s
      At line 46 in file 2013HT13592Merge.s
      At line 69 in file 2013HT13592Merge.s

RESET 00000000

Symbol: RESET
   Definitions
      At line 4 in file 2013HT13592Merge.s
   Uses
      None
Comment: RESET unused
START 00000000

Symbol: START
   Definitions
      At line 6 in file 2013HT13592Merge.s
   Uses
      None
Comment: START unused
STOP 00000010

Symbol: STOP
   Definitions
      At line 12 in file 2013HT13592Merge.s
   Uses
      At line 12 in file 2013HT13592Merge.s
Comment: STOP used once
STRING1 000000B0

Symbol: STRING1
   Definitions
      At line 77 in file 2013HT13592Merge.s
   Uses
      At line 8 in file 2013HT13592Merge.s
Comment: STRING1 used once
STRING2 000000B6

Symbol: STRING2
   Definitions
      At line 78 in file 2013HT13592Merge.s
   Uses
      At line 9 in file 2013HT13592Merge.s
Comment: STRING2 used once
SUB1 00000014



ARM Macro Assembler    Page 2 Alphabetic symbol ordering
Relocatable symbols


Symbol: SUB1
   Definitions
      At line 14 in file 2013HT13592Merge.s
   Uses
      At line 11 in file 2013HT13592Merge.s
      At line 31 in file 2013HT13592Merge.s
      At line 34 in file 2013HT13592Merge.s

SUB2 00000074

Symbol: SUB2
   Definitions
      At line 55 in file 2013HT13592Merge.s
   Uses
      At line 19 in file 2013HT13592Merge.s
      At line 72 in file 2013HT13592Merge.s
      At line 75 in file 2013HT13592Merge.s

9 symbols



ARM Macro Assembler    Page 1 Alphabetic symbol ordering
Relocatable symbols

OUTPUT 00000000

Symbol: OUTPUT
   Definitions
      At line 80 in file 2013HT13592Merge.s
   Uses
      At line 10 in file 2013HT13592Merge.s
Comment: OUTPUT used once
RES 00000000

Symbol: RES
   Definitions
      At line 79 in file 2013HT13592Merge.s
   Uses
      None
Comment: RES unused
2 symbols
344 symbols in table
