********************************************************************************
product = WebSphere Application Server 8.5.5.4 (wlp-1.0.7.cl50420141211-1039)
wlp.install.dir = C:/Software/eclipse-jee-luna-SR2-win32-x86_64/eclipse/configuration/org.eclipse.osgi/935/0/.cp/resources/server_runtime/
server.config.dir = C:/Users/pras/GitHub/BITS/2013HZ13592/Workspace/.metadata/.plugins/com.ibm.etools.wdt.server.core/tmp0/usr/servers/defaultServer0/
java.home = C:\Program Files\Java\jdk1.8.0_05\jre
java.version = 1.8.0_05
java.runtime = Java(TM) SE Runtime Environment (1.8.0_05-b13)
os = Windows 8.1 (6.3; amd64) (en_US)
process = 3504@pras-PC
********************************************************************************
[12/3/15 22:04:34:034 IST] 00000001 com.ibm.ws.kernel.launch.internal.FrameworkManager           A CWWKE0001I: The server defaultServer0 has been launched.
[12/3/15 22:04:37:740 IST] 00000001 com.ibm.ws.kernel.launch.internal.FrameworkManager           I CWWKE0002I: The kernel started after 4.955 seconds
[12/3/15 22:04:37:970 IST] 00000018 com.ibm.ws.kernel.feature.internal.FeatureManager            I CWWKF0007I: Feature update started.
[12/3/15 22:04:39:424 IST] 00000010 com.ibm.ws.app.manager.internal.monitor.DropinMonitor        A CWWKZ0058I: Monitoring dropins for applications. 
[12/3/15 22:04:39:500 IST] 0000001a com.ibm.ws.tcpchannel.internal.TCPChannel                    I CWWKO0219I: TCP Channel defaultHttpEndpoint has been started and is now listening for requests on host *  (IPv6) port 8080.
[12/3/15 22:04:40:400 IST] 00000020 com.ibm.ws.app.manager.AppMessageHelper                      I CWWKZ0018I: Starting application proxy.
[12/3/15 22:04:40:977 IST] 00000020 com.ibm.ws.webcontainer.osgi.webapp.WebGroup                 I SRVE0169I: Loading Web Module: Ajax Proxy for IBM WebSphere.
[12/3/15 22:04:40:979 IST] 00000020 com.ibm.ws.webcontainer                                      I SRVE0250I: Web Module Ajax Proxy for IBM WebSphere has been bound to default_host.
[12/3/15 22:04:40:981 IST] 00000020 com.ibm.ws.http.internal.VirtualHostImpl                     A CWWKT0016I: Web application available (default_host): http://pras-pc:8080/proxy/
[12/3/15 22:04:40:994 IST] 00000020 com.ibm.ws.app.manager.AppMessageHelper                      A CWWKZ0001I: Application proxy started in 0.594 seconds.
[12/3/15 22:04:41:150 IST] 00000018 com.ibm.ws.kernel.feature.internal.FeatureManager            A CWWKF0012I: The server installed the following features: [servlet-3.0, jsp-2.2, json-1.0, localConnector-1.0, jaxrs-1.1].
[12/3/15 22:04:41:151 IST] 00000018 com.ibm.ws.kernel.feature.internal.FeatureManager            I CWWKF0008I: Feature update completed in 3.435 seconds.
[12/3/15 22:04:41:151 IST] 00000018 com.ibm.ws.kernel.feature.internal.FeatureManager            A CWWKF0011I: The server defaultServer0 is ready to run a smarter planet.
[12/3/15 22:05:14:372 IST] 00000024 com.ibm.ws.session.WASSessionCore                            I SESN8501I: The session manager did not find a persistent storage location; HttpSession objects will be stored in the local application server's memory.
[12/3/15 22:05:14:381 IST] 00000024 com.ibm.ws.session.WASSessionCore                            I SESN0176I: A new session context will be created for application key default_host/proxy
[12/3/15 22:05:14:391 IST] 00000024 com.ibm.ws.util                                              I SESN0172I: The session manager is using the Java default SecureRandom implementation for session ID generation.
[12/3/15 22:05:15:337 IST] 00000026 com.ibm.ws.ajaxproxy.servlet.ProxyServlet                    I CWXJX0600W: The Ajax proxy has been enabled to support unsigned Secure Sockets Layer (SSL) certificates. 
[12/3/15 22:05:15:340 IST] 00000026 com.ibm.ws.webcontainer.servlet                              I SRVE0242I: [proxy] [/proxy] [ProxyServlet]: Initialization successful.
[12/3/15 22:05:27:963 IST] 00000016 com.ibm.ws.config.xml.internal.ConfigRefresher               A CWWKG0016I: Starting server configuration update.
[12/3/15 22:05:27:989 IST] 0000001b com.ibm.ws.config.xml.internal.ConfigRefresher               A CWWKG0017I: The server configuration was successfully updated in 0.027 seconds.
[12/3/15 22:05:28:002 IST] 00000027 com.ibm.ws.app.manager.AppMessageHelper                      I CWWKZ0018I: Starting application Prospect.
[12/3/15 22:05:28:049 IST] 00000027 com.ibm.ws.webcontainer.osgi.webapp.WebGroup                 I SRVE0169I: Loading Web Module: Prospect.
[12/3/15 22:05:28:050 IST] 00000027 com.ibm.ws.webcontainer                                      I SRVE0250I: Web Module Prospect has been bound to default_host.
[12/3/15 22:05:28:050 IST] 00000027 com.ibm.ws.http.internal.VirtualHostImpl                     A CWWKT0016I: Web application available (default_host): http://pras-pc:8080/Prospect/
[12/3/15 22:05:28:051 IST] 00000027 com.ibm.ws.app.manager.AppMessageHelper                      A CWWKZ0001I: Application Prospect started in 0.049 seconds.
[12/3/15 22:05:28:727 IST] 00000020 com.ibm.ws.session.WASSessionCore                            I SESN0176I: A new session context will be created for application key default_host/Prospect
[12/3/15 22:05:28:728 IST] 00000020 com.ibm.ws.util                                              I SESN0172I: The session manager is using the Java default SecureRandom implementation for session ID generation.
[12/3/15 22:05:28:807 IST] 00000024 com.ibm.ws.webcontainer.extension                            W SRVE0190E: File not found: /WebContent/{{imgSrc}}
[12/3/15 22:05:28:883 IST] 0000001a com.ibm.ws.webcontainer.extension                            W SRVE0190E: File not found: /WebContent/A
[12/3/15 22:05:50:462 IST] 00000026 com.ibm.ws.webcontainer.extension                            W SRVE0190E: File not found: /WebContent/{{imgSrc}}
[12/3/15 22:05:50:551 IST] 0000001a com.ibm.ws.webcontainer.extension                            W SRVE0190E: File not found: /WebContent/A
[12/3/15 22:07:20:745 IST] 0000002a com.ibm.ws.webcontainer.extension                            W SRVE0190E: File not found: /WebContent/{{imgSrc}}
[12/3/15 22:07:20:847 IST] 0000001a com.ibm.ws.webcontainer.extension                            W SRVE0190E: File not found: /WebContent/A
[12/3/15 22:18:06:974 IST] 0000002a com.ibm.ws.webcontainer.extension                            W SRVE0190E: File not found: /WebContent/{{imgSrc}}
[12/3/15 22:18:07:852 IST] 00000029 com.ibm.ws.webcontainer.extension                            W SRVE0190E: File not found: /WebContent/A
[12/3/15 22:19:17:747 IST] 00000027 com.ibm.ws.webcontainer.extension                            W SRVE0190E: File not found: /WebContent/{{imgSrc}}
[12/3/15 22:19:17:839 IST] 00000026 com.ibm.ws.webcontainer.extension                            W SRVE0190E: File not found: /WebContent/A
[12/3/15 22:19:34:259 IST] 00000024 com.ibm.ws.webcontainer.extension                            W SRVE0190E: File not found: /WebContent/{{imgSrc}}
[12/3/15 22:19:34:807 IST] 0000002f com.ibm.ws.webcontainer.extension                            W SRVE0190E: File not found: /WebContent/A
[12/3/15 22:20:48:389 IST] 0000003f com.ibm.ws.webcontainer.extension                            W SRVE0190E: File not found: /WebContent/{{imgSrc}}
[12/3/15 22:20:48:460 IST] 00000026 com.ibm.ws.webcontainer.extension                            W SRVE0190E: File not found: /WebContent/A
[12/3/15 22:22:31:157 IST] 00000040 com.ibm.ws.webcontainer.extension                            W SRVE0190E: File not found: /WebContent/{{imgSrc}}
[12/3/15 22:22:31:294 IST] 00000044 com.ibm.ws.webcontainer.extension                            W SRVE0190E: File not found: /WebContent/A
[12/3/15 22:35:05:018 IST] 0000002a com.ibm.ws.webcontainer.extension                            W SRVE0190E: File not found: /WebContent/{{imgSrc}}
[12/3/15 22:35:05:128 IST] 0000003f com.ibm.ws.webcontainer.extension                            W SRVE0190E: File not found: /WebContent/A
[12/3/15 22:37:25:007 IST] 0000002a com.ibm.ws.webcontainer.extension                            W SRVE0190E: File not found: /WebContent/{{imgSrc}}
[12/3/15 22:37:25:086 IST] 0000005a com.ibm.ws.webcontainer.extension                            W SRVE0190E: File not found: /WebContent/A
[12/3/15 22:38:01:690 IST] 0000004c com.ibm.ws.webcontainer.extension                            W SRVE0190E: File not found: /WebContent/{{imgSrc}}
[12/3/15 22:38:01:764 IST] 0000005e com.ibm.ws.webcontainer.extension                            W SRVE0190E: File not found: /WebContent/A
[12/3/15 22:38:33:599 IST] 0000005e com.ibm.ws.webcontainer.extension                            W SRVE0190E: File not found: /WebContent/{{imgSrc}}
[12/3/15 22:38:33:672 IST] 0000002a com.ibm.ws.webcontainer.extension                            W SRVE0190E: File not found: /WebContent/A
[12/3/15 22:38:57:332 IST] 00000026 com.ibm.ws.webcontainer.extension                            W SRVE0190E: File not found: /WebContent/{{imgSrc}}
[12/3/15 22:38:57:407 IST] 00000064 com.ibm.ws.webcontainer.extension                            W SRVE0190E: File not found: /WebContent/A
[12/3/15 22:41:40:907 IST] 00000065 com.ibm.ws.webcontainer.extension                            W SRVE0190E: File not found: /WebContent/{{imgSrc}}
[12/3/15 22:41:40:978 IST] 0000005e com.ibm.ws.webcontainer.extension                            W SRVE0190E: File not found: /WebContent/A
[12/3/15 22:42:11:213 IST] 0000006b com.ibm.ws.webcontainer.extension                            W SRVE0190E: File not found: /WebContent/{{imgSrc}}
[12/3/15 22:42:11:285 IST] 00000064 com.ibm.ws.webcontainer.extension                            W SRVE0190E: File not found: /WebContent/A
[12/3/15 22:42:34:938 IST] 00000048 com.ibm.ws.webcontainer.extension                            W SRVE0190E: File not found: /WebContent/{{imgSrc}}
[12/3/15 22:42:35:011 IST] 0000002a com.ibm.ws.webcontainer.extension                            W SRVE0190E: File not found: /WebContent/A
[12/3/15 22:43:12:010 IST] 00000064 com.ibm.ws.webcontainer.extension                            W SRVE0190E: File not found: /WebContent/{{imgSrc}}
[12/3/15 22:43:12:085 IST] 00000071 com.ibm.ws.webcontainer.extension                            W SRVE0190E: File not found: /WebContent/A
[12/3/15 22:43:25:628 IST] 00000072 com.ibm.ws.webcontainer.extension                            W SRVE0190E: File not found: /WebContent/undefined
[12/3/15 22:43:44:472 IST] 00000074 com.ibm.ws.webcontainer.extension                            W SRVE0190E: File not found: /WebContent/undefined
[12/3/15 22:47:43:523 IST] 0000002a com.ibm.ws.webcontainer.extension                            W SRVE0190E: File not found: /WebContent/{{imgSrc}}
[12/3/15 22:47:43:629 IST] 00000071 com.ibm.ws.webcontainer.extension                            W SRVE0190E: File not found: /WebContent/A
[12/3/15 22:47:58:129 IST] 00000073 com.ibm.ws.webcontainer.extension                            W SRVE0190E: File not found: /WebContent/undefined
[12/3/15 22:48:43:784 IST] 00000074 com.ibm.ws.webcontainer.extension                            W SRVE0190E: File not found: /WebContent/undefined
[12/3/15 22:48:44:661 IST] 00000064 com.ibm.ws.webcontainer.extension                            W SRVE0190E: File not found: /WebContent/undefined
[12/3/15 22:49:44:869 IST] 00000083 com.ibm.ws.webcontainer.extension                            W SRVE0190E: File not found: /WebContent/undefined
[12/3/15 23:03:54:942 IST] 0000006d com.ibm.ws.webcontainer.extension                            W SRVE0190E: File not found: /WebContent/undefined
[12/3/15 23:04:06:108 IST] 0000008a com.ibm.ws.webcontainer.extension                            W SRVE0190E: File not found: /WebContent/undefined
[12/3/15 23:05:34:523 IST] 0000008c com.ibm.ws.webcontainer.extension                            W SRVE0190E: File not found: /WebContent/undefined
[12/3/15 23:05:43:994 IST] 00000048 com.ibm.ws.webcontainer.extension                            W SRVE0190E: File not found: /WebContent/undefined
[12/3/15 23:05:52:507 IST] 0000007c com.ibm.ws.webcontainer.extension                            W SRVE0190E: File not found: /WebContent/{{imgSrc}}
[12/3/15 23:05:52:585 IST] 00000089 com.ibm.ws.webcontainer.extension                            W SRVE0190E: File not found: /WebContent/A
